d:\c\code\test.c\data_struct\data_struct\x64\debug\vc143.pdb
d:\c\code\test.c\data_struct\data_struct\x64\debug\vc143.idb
d:\c\code\test.c\data_struct\data_struct\x64\debug\sqlist.obj
d:\c\code\test.c\data_struct\data_struct\x64\debug\test.obj
d:\c\code\test.c\data_struct\data_struct\x64\debug\contact.obj
d:\c\code\test.c\data_struct\x64\debug\data_struct.pdb
d:\c\code\test.c\data_struct\data_struct\x64\debug\data_struct.tlog\cl.command.1.tlog
d:\c\code\test.c\data_struct\data_struct\x64\debug\data_struct.tlog\cl.items.tlog
d:\c\code\test.c\data_struct\data_struct\x64\debug\data_struct.tlog\cl.read.1.tlog
d:\c\code\test.c\data_struct\data_struct\x64\debug\data_struct.tlog\cl.write.1.tlog
d:\c\code\test.c\data_struct\data_struct\x64\debug\data_struct.tlog\link-cvtres.read.1.tlog
d:\c\code\test.c\data_struct\data_struct\x64\debug\data_struct.tlog\link-cvtres.write.1.tlog
d:\c\code\test.c\data_struct\data_struct\x64\debug\data_struct.tlog\link-rc.read.1.tlog
d:\c\code\test.c\data_struct\data_struct\x64\debug\data_struct.tlog\link-rc.write.1.tlog
d:\c\code\test.c\data_struct\data_struct\x64\debug\data_struct.tlog\link.14084-cvtres.read.1.tlog
d:\c\code\test.c\data_struct\data_struct\x64\debug\data_struct.tlog\link.14084-cvtres.write.1.tlog
d:\c\code\test.c\data_struct\data_struct\x64\debug\data_struct.tlog\link.14084-rc.read.1.tlog
d:\c\code\test.c\data_struct\data_struct\x64\debug\data_struct.tlog\link.14084-rc.write.1.tlog
d:\c\code\test.c\data_struct\data_struct\x64\debug\data_struct.tlog\link.14084.read.1.tlog
d:\c\code\test.c\data_struct\data_struct\x64\debug\data_struct.tlog\link.14084.read.2.tlog
d:\c\code\test.c\data_struct\data_struct\x64\debug\data_struct.tlog\link.14084.read.3.tlog
d:\c\code\test.c\data_struct\data_struct\x64\debug\data_struct.tlog\link.14084.read.4.tlog
d:\c\code\test.c\data_struct\data_struct\x64\debug\data_struct.tlog\link.14084.write.1.tlog
d:\c\code\test.c\data_struct\data_struct\x64\debug\data_struct.tlog\link.command.1.tlog
d:\c\code\test.c\data_struct\data_struct\x64\debug\data_struct.tlog\link.read.1.tlog
d:\c\code\test.c\data_struct\data_struct\x64\debug\data_struct.tlog\link.read.2.tlog
d:\c\code\test.c\data_struct\data_struct\x64\debug\data_struct.tlog\link.read.3.tlog
d:\c\code\test.c\data_struct\data_struct\x64\debug\data_struct.tlog\link.read.4.tlog
d:\c\code\test.c\data_struct\data_struct\x64\debug\data_struct.tlog\link.write.1.tlog
